2026-01-08 09:09:01,380 INFO o.a.j.u.JMeterUtils: Setting Locale to en_EN
2026-01-08 09:09:01,417 INFO o.a.j.JMeter: Loading user properties from: user.properties
2026-01-08 09:09:01,425 INFO o.a.j.JMeter: Loading system properties from: system.properties
2026-01-08 09:09:01,428 INFO o.a.j.JMeter: Copyright (c) 1998-2024 The Apache Software Foundation
2026-01-08 09:09:01,428 INFO o.a.j.JMeter: Version 5.6.3
2026-01-08 09:09:01,428 INFO o.a.j.JMeter: java.version=21.0.9
2026-01-08 09:09:01,428 INFO o.a.j.JMeter: java.vm.name=Java HotSpot(TM) 64-Bit Server VM
2026-01-08 09:09:01,428 INFO o.a.j.JMeter: os.name=Windows 10
2026-01-08 09:09:01,428 INFO o.a.j.JMeter: os.arch=amd64
2026-01-08 09:09:01,428 INFO o.a.j.JMeter: os.version=10.0
2026-01-08 09:09:01,428 INFO o.a.j.JMeter: file.encoding=UTF-8
2026-01-08 09:09:01,428 INFO o.a.j.JMeter: java.awt.headless=null
2026-01-08 09:09:01,428 INFO o.a.j.JMeter: Max memory     =1073741824
2026-01-08 09:09:01,428 INFO o.a.j.JMeter: Available Processors =20
2026-01-08 09:09:01,434 INFO o.a.j.JMeter: Default Locale=English (EN)
2026-01-08 09:09:01,434 INFO o.a.j.JMeter: JMeter  Locale=English (EN)
2026-01-08 09:09:01,434 INFO o.a.j.JMeter: JMeterHome=D:\apache-jmeter-5.6.3
2026-01-08 09:09:01,434 INFO o.a.j.JMeter: user.dir  =D:\apache-jmeter-5.6.3\bin
2026-01-08 09:09:01,434 INFO o.a.j.JMeter: PWD       =D:\apache-jmeter-5.6.3\bin
2026-01-08 09:09:01,435 INFO o.a.j.JMeter: IP: 192.168.0.203 Name: ZM-202601041346 FullName: ZM-202601041346
2026-01-08 09:09:01,445 INFO o.a.j.JMeter: Loaded icon properties from org/apache/jmeter/images/icon.properties
2026-01-08 09:09:01,616 INFO o.a.j.JMeterGuiLauncher: Setting LAF to: com.github.weisj.darklaf.DarkLaf:com.github.weisj.darklaf.theme.DarculaTheme
2026-01-08 09:09:02,768 INFO o.a.j.r.ClassFinder: Will scan jar D:\apache-jmeter-5.6.3\lib\ext\JMeterWebSocketSampler-1.0.2-SNAPSHOT.jar with filter ExtendsClassFilter [parents=[interface org.apache.jmeter.gui.action.Command], inner=false, contains=null, notContains=null]. Consider exposing JMeter plugins via META-INF/services, and add JMeter-Skip-Class-Scanning=true manifest attribute so JMeter can skip classfile scanning
2026-01-08 09:09:02,771 INFO o.a.j.r.ClassFinder: Will scan jar D:\apache-jmeter-5.6.3\lib\ext\jmeter-plugins-manager-1.11.jar with filter ExtendsClassFilter [parents=[interface org.apache.jmeter.gui.action.Command], inner=false, contains=null, notContains=null]. Consider exposing JMeter plugins via META-INF/services, and add JMeter-Skip-Class-Scanning=true manifest attribute so JMeter can skip classfile scanning
2026-01-08 09:09:02,896 INFO o.a.j.r.ClassFinder: Will scan jar D:\apache-jmeter-5.6.3\lib\ext\jmeter-websocket-samplers-1.3.1.jar with filter ExtendsClassFilter [parents=[interface org.apache.jmeter.gui.action.Command], inner=false, contains=null, notContains=null]. Consider exposing JMeter plugins via META-INF/services, and add JMeter-Skip-Class-Scanning=true manifest attribute so JMeter can skip classfile scanning
2026-01-08 09:09:02,920 INFO o.a.j.r.ClassFinder: Will scan jar D:\apache-jmeter-5.6.3\lib\ext\jmeter-plugins-manager-1.4.jar with filter ExtendsClassFilter [parents=[interface org.apache.jmeter.gui.action.Command], inner=false, contains=null, notContains=null]. Consider exposing JMeter plugins via META-INF/services, and add JMeter-Skip-Class-Scanning=true manifest attribute so JMeter can skip classfile scanning
2026-01-08 09:09:02,996 INFO o.a.j.r.ClassFinder: Will scan jar D:\apache-jmeter-5.6.3\lib\ext\JMeterWebSocketSampler-1.0.2-SNAPSHOT.jar with filter ExtendsClassFilter [parents=[interface org.apache.jmeter.gui.plugin.MenuCreator], inner=false, contains=null, notContains=null]. Consider exposing JMeter plugins via META-INF/services, and add JMeter-Skip-Class-Scanning=true manifest attribute so JMeter can skip classfile scanning
2026-01-08 09:09:02,997 INFO o.a.j.r.ClassFinder: Will scan jar D:\apache-jmeter-5.6.3\lib\ext\jmeter-plugins-manager-1.11.jar with filter ExtendsClassFilter [parents=[interface org.apache.jmeter.gui.plugin.MenuCreator], inner=false, contains=null, notContains=null]. Consider exposing JMeter plugins via META-INF/services, and add JMeter-Skip-Class-Scanning=true manifest attribute so JMeter can skip classfile scanning
2026-01-08 09:09:02,998 INFO o.a.j.r.ClassFinder: Will scan jar D:\apache-jmeter-5.6.3\lib\ext\jmeter-websocket-samplers-1.3.1.jar with filter ExtendsClassFilter [parents=[interface org.apache.jmeter.gui.plugin.MenuCreator], inner=false, contains=null, notContains=null]. Consider exposing JMeter plugins via META-INF/services, and add JMeter-Skip-Class-Scanning=true manifest attribute so JMeter can skip classfile scanning
2026-01-08 09:09:02,998 INFO o.a.j.r.ClassFinder: Will scan jar D:\apache-jmeter-5.6.3\lib\ext\jmeter-plugins-manager-1.4.jar with filter ExtendsClassFilter [parents=[interface org.apache.jmeter.gui.plugin.MenuCreator], inner=false, contains=null, notContains=null]. Consider exposing JMeter plugins via META-INF/services, and add JMeter-Skip-Class-Scanning=true manifest attribute so JMeter can skip classfile scanning
2026-01-08 09:09:03,040 WARN o.j.r.PluginManager: Found JAR conflict: D:\apache-jmeter-5.6.3\lib\cmdrunner-2.3.jar and D:\apache-jmeter-5.6.3\lib\cmdrunner-2.2.jar
2026-01-08 09:09:03,040 WARN o.j.r.PluginManager: Found JAR conflict: D:\apache-jmeter-5.6.3\lib\ext\jmeter-plugins-manager-1.4.jar and D:\apache-jmeter-5.6.3\lib\ext\jmeter-plugins-manager-1.11.jar
2026-01-08 09:09:03,067 INFO o.j.r.JARSourceHTTP: Requesting https://jmeter-plugins.org/repo/?installID=windows_10-b2ab3016fc691e89fa9cca93c0376b3b-gui
2026-01-08 09:09:05,469 INFO o.j.r.PluginManager: Plugins Status: [jpgc-plugins-manager=1.11, websocket-sampler=1.0.2-SNAPSHOT, websocket-samplers=1.3.1, jmeter-core=5.6.3, jmeter-ftp=5.6.3, jmeter-http=5.6.3, jmeter-jdbc=5.6.3, jmeter-jms=5.6.3, jmeter-junit=5.6.3, jmeter-java=5.6.3, jmeter-ldap=5.6.3, jmeter-mail=5.6.3, jmeter-mongodb=5.6.3, jmeter-native=5.6.3, jmeter-tcp=5.6.3, jmeter-components=5.6.3]
2026-01-08 09:11:55,742 INFO o.a.j.s.FileServer: Default base='D:\apache-jmeter-5.6.3\bin'
2026-01-08 09:11:55,744 INFO o.a.j.g.a.Load: Loading file: E:\AI测试用例\性能稳定测试\script\WebSocket性能测试.jmx
2026-01-08 09:11:55,744 INFO o.a.j.s.FileServer: Set new base='E:\AI测试用例\性能稳定测试\script'
2026-01-08 09:11:55,850 INFO o.a.j.s.SaveService: Testplan (JMX) version: 2.2. Testlog (JTL) version: 2.2
2026-01-08 09:11:55,865 INFO o.a.j.s.SaveService: Using SaveService properties version 5.0
2026-01-08 09:11:55,866 INFO o.a.j.s.SaveService: Using SaveService properties file encoding UTF-8
2026-01-08 09:11:55,868 INFO o.a.j.s.SaveService: Loading file: E:\AI测试用例\性能稳定测试\script\WebSocket性能测试.jmx
2026-01-08 09:11:55,957 WARN e.l.j.w.WebsocketSampler: Detected Maciej Zaleski's WebSocket Sampler plugin is installed too, which is not compatible with this plugin (but both can co-exist).
2026-01-08 09:11:56,449 INFO o.a.j.s.SampleResult: Note: Sample TimeStamps are START times
2026-01-08 09:11:56,449 INFO o.a.j.s.SampleResult: sampleresult.default.encoding is set to UTF-8
2026-01-08 09:11:56,449 INFO o.a.j.s.SampleResult: sampleresult.useNanoTime=true
2026-01-08 09:11:56,449 INFO o.a.j.s.SampleResult: sampleresult.nanoThreadSleep=5000
2026-01-08 09:11:56,512 INFO o.a.j.r.ClassFinder: Will scan jar D:\apache-jmeter-5.6.3\lib\ext\JMeterWebSocketSampler-1.0.2-SNAPSHOT.jar with filter ExtendsClassFilter [parents=[interface org.apache.jmeter.visualizers.ResultRenderer], inner=false, contains=null, notContains=null]. Consider exposing JMeter plugins via META-INF/services, and add JMeter-Skip-Class-Scanning=true manifest attribute so JMeter can skip classfile scanning
2026-01-08 09:11:56,512 INFO o.a.j.r.ClassFinder: Will scan jar D:\apache-jmeter-5.6.3\lib\ext\jmeter-plugins-manager-1.11.jar with filter ExtendsClassFilter [parents=[interface org.apache.jmeter.visualizers.ResultRenderer], inner=false, contains=null, notContains=null]. Consider exposing JMeter plugins via META-INF/services, and add JMeter-Skip-Class-Scanning=true manifest attribute so JMeter can skip classfile scanning
2026-01-08 09:11:56,512 INFO o.a.j.r.ClassFinder: Will scan jar D:\apache-jmeter-5.6.3\lib\ext\jmeter-websocket-samplers-1.3.1.jar with filter ExtendsClassFilter [parents=[interface org.apache.jmeter.visualizers.ResultRenderer], inner=false, contains=null, notContains=null]. Consider exposing JMeter plugins via META-INF/services, and add JMeter-Skip-Class-Scanning=true manifest attribute so JMeter can skip classfile scanning
2026-01-08 09:11:56,512 INFO o.a.j.r.ClassFinder: Will scan jar D:\apache-jmeter-5.6.3\lib\ext\jmeter-plugins-manager-1.4.jar with filter ExtendsClassFilter [parents=[interface org.apache.jmeter.visualizers.ResultRenderer], inner=false, contains=null, notContains=null]. Consider exposing JMeter plugins via META-INF/services, and add JMeter-Skip-Class-Scanning=true manifest attribute so JMeter can skip classfile scanning
2026-01-08 09:11:56,531 INFO o.a.j.r.ClassFinder: Will scan jar D:\apache-jmeter-5.6.3\lib\ext\JMeterWebSocketSampler-1.0.2-SNAPSHOT.jar with filter ExtendsClassFilter [parents=[interface org.apache.jmeter.visualizers.RequestView], inner=false, contains=null, notContains=null]. Consider exposing JMeter plugins via META-INF/services, and add JMeter-Skip-Class-Scanning=true manifest attribute so JMeter can skip classfile scanning
2026-01-08 09:11:56,532 INFO o.a.j.r.ClassFinder: Will scan jar D:\apache-jmeter-5.6.3\lib\ext\jmeter-plugins-manager-1.11.jar with filter ExtendsClassFilter [parents=[interface org.apache.jmeter.visualizers.RequestView], inner=false, contains=null, notContains=null]. Consider exposing JMeter plugins via META-INF/services, and add JMeter-Skip-Class-Scanning=true manifest attribute so JMeter can skip classfile scanning
2026-01-08 09:11:56,533 INFO o.a.j.r.ClassFinder: Will scan jar D:\apache-jmeter-5.6.3\lib\ext\jmeter-websocket-samplers-1.3.1.jar with filter ExtendsClassFilter [parents=[interface org.apache.jmeter.visualizers.RequestView], inner=false, contains=null, notContains=null]. Consider exposing JMeter plugins via META-INF/services, and add JMeter-Skip-Class-Scanning=true manifest attribute so JMeter can skip classfile scanning
2026-01-08 09:11:56,533 INFO o.a.j.r.ClassFinder: Will scan jar D:\apache-jmeter-5.6.3\lib\ext\jmeter-plugins-manager-1.4.jar with filter ExtendsClassFilter [parents=[interface org.apache.jmeter.visualizers.RequestView], inner=false, contains=null, notContains=null]. Consider exposing JMeter plugins via META-INF/services, and add JMeter-Skip-Class-Scanning=true manifest attribute so JMeter can skip classfile scanning
2026-01-08 09:11:56,658 INFO o.a.j.s.FileServer: Set new base='E:\AI测试用例\性能稳定测试\script'
